[b984ffcb1c0] {jit-log-opt-loop
# Loop 0 (FuncInstance(tmp)) : entry bridge with 84 ops
[p0, p1]
+54: p2 = getfield_gc(p1, descr=<FieldP system.objspace.FuncResolveFrame.inst__args_w 24>)
+58: p3 = getfield_gc(p1, descr=<FieldP system.objspace.FuncResolveFrame.inst__arg_names_w 16>)
+62: p4 = getfield_gc(p1, descr=<FieldP system.objspace.FuncResolveFrame.inst__self_name_w 32>)
+66: p5 = getfield_gc(p1, descr=<FieldP system.objspace.FuncResolveFrame.inst__self_w 40>)
debug_merge_point(0, 0, 'FuncInstance(tmp)')
+70: p7 = getfield_gc(ConstPtr(ptr6), descr=<FieldP system.objspace.FuncInstance.inst__body 32>)
+83: p9 = getarrayitem_gc_pure(p7, 0, descr=<ArrayP 8>)
+88: guard_class(p9, 9716824, descr=<Guard2>) [p1, p9, p2, p3, p4, p5]
+102: p11 = getfield_gc_pure(p9, descr=<FieldP system.objspace.Object.inst__w_head 8>)
+107: guard_value(p11, ConstPtr(ptr12), descr=<Guard3>) [p11, p1, p9, p2, p3, p4, p5]
+120: i14 = instance_ptr_eq(p1, ConstPtr(ptr13))
guard_false(i14, descr=<Guard4>) [p1, p9, p2, p3, p4, p5]
+133: i15 = instance_ptr_eq(p4, ConstPtr(ptr12))
guard_false(i15, descr=<Guard5>) [p1, p9, p2, p3, p4, p5]
+146: i17 = call(ConstClass(get_arg_idx), p3, ConstPtr(ptr12), descr=<Calli 8 rr EF=3>)
+177: guard_no_exception(, descr=<Guard6>) [p1, p9, i17, p2, p3, p4, p5]
+192: guard_value(i17, -1, descr=<Guard7>) [p1, p9, i17, p2, p3, p4, p5]
+202: i20 = call(ConstClass(W_Cons.count), p9, descr=<Calli 8 r EF=0>)
+214: i22 = int_sub(i20, 1)
+218: i23 = int_force_ge_zero(i22)
p24 = new_array(i23, descr=<ArrayP 8>)
+275: p25 = getfield_gc_pure(p9, descr=<FieldP system.objspace.Object.inst__w_tail 16>)
+280: i27 = int_ge(0, i22)
guard_false(i27, descr=<Guard8>) [i22, p24, p25, p1, p2, p3, p4, p5]
+294: p28 = getfield_gc_pure(p25, descr=<FieldP system.objspace.Object.inst__w_head 8>)
+299: guard_value(p28, ConstPtr(ptr29), descr=<Guard9>) [i22, p24, p25, p1, p28, p2, p3, p4, p5]
+312: p30 = getfield_gc_pure(p25, descr=<FieldP system.objspace.Object.inst__w_tail 16>)
+317: setarrayitem_gc(p24, 0, ConstPtr(ptr29), descr=<ArrayP 8>)
+325: guard_value(p30, ConstPtr(ptr31), descr=<Guard10>) [i22, p24, p30, p1, p2, p3, p4, p5]
+338: i33 = int_ge(1, i22)
guard_false(i33, descr=<Guard11>) [i22, p24, p1, p2, p3, p4, p5]
+352: setarrayitem_gc(p24, 1, ConstPtr(ptr34), descr=<ArrayP 8>)
+360: i36 = int_ge(2, i22)
guard_false(i36, descr=<Guard12>) [i22, p24, p1, p2, p3, p4, p5]
+374: setarrayitem_gc(p24, 2, ConstPtr(ptr37), descr=<ArrayP 8>)
+382: i39 = int_ge(3, i22)
guard_true(i39, descr=<Guard13>) [i22, p24, p1, p2, p3, p4, p5]
+396: i41 = instance_ptr_eq(p4, ConstPtr(ptr40))
guard_false(i41, descr=<Guard14>) [p24, p1, p2, p3, p4, p5]
+409: i43 = call(ConstClass(get_arg_idx), p3, ConstPtr(ptr40), descr=<Calli 8 rr EF=3>)
+433: guard_no_exception(, descr=<Guard15>) [p24, p1, i43, p2, p3, p4, p5]
+448: guard_value(i43, -1, descr=<Guard16>) [p24, p1, i43, p2, p3, p4, p5]
+458: i46 = instance_ptr_eq(p4, ConstPtr(ptr45))
guard_false(i46, descr=<Guard17>) [p24, p1, p2, p3, p4, p5]
+471: i48 = call(ConstClass(get_arg_idx), p3, ConstPtr(ptr45), descr=<Calli 8 rr EF=3>)
+488: guard_no_exception(, descr=<Guard18>) [p24, p1, i48, p2, p3, p4, p5]
+503: guard_value(i48, 0, descr=<Guard19>) [p24, p1, i48, p2, p3, p4, p5]
+513: p50 = getarrayitem_gc(p2, 0, descr=<ArrayP 8>)
+524: i52 = instance_ptr_eq(p4, ConstPtr(ptr51))
guard_false(i52, descr=<Guard20>) [p24, p1, p2, p3, p4, p5, p50]
+537: i54 = call(ConstClass(get_arg_idx), p3, ConstPtr(ptr51), descr=<Calli 8 rr EF=3>)
+554: guard_no_exception(, descr=<Guard21>) [p24, p1, i54, p2, p3, p4, p5, p50]
+569: guard_value(i54, 1, descr=<Guard22>) [p24, p1, i54, p2, p3, p4, p5, p50]
+579: p56 = getarrayitem_gc(p2, 1, descr=<ArrayP 8>)
+590: i58 = call(ConstClass(W_Int.int), p50, descr=<Calli 8 r EF=0>)
+609: i60 = call(ConstClass(W_Int.int), p56, descr=<Calli 8 r EF=0>)
+632: i61 = int_eq(i58, i60)
guard_false(i61, descr=<Guard23>) [p24, p1, p2, p3, p4, p5, None]
+645: i64 = int_eq(i23, 3)
guard_true(i64, descr=<Guard24>) [p24, p1, p2, p3, p4, p5, None]
+659: i66 = instance_ptr_eq(p4, ConstPtr(ptr65))
guard_true(i66, descr=<Guard25>) [p1, p2, p3, p4, p5, None]
+672: guard_nonnull_class(p5, 9714664, descr=<Guard26>) [p5, p1, p2, p3, p4, None]
+692: i69 = instance_ptr_eq(p4, ConstPtr(ptr68))
guard_false(i69, descr=<Guard27>) [p5, p1, p2, p3, p4, None]
+705: i71 = call(ConstClass(get_arg_idx), p3, ConstPtr(ptr68), descr=<Calli 8 rr EF=3>)
+722: guard_no_exception(, descr=<Guard28>) [p5, p1, i71, p2, p3, p4, None]
+737: guard_value(i71, -1, descr=<Guard29>) [p5, p1, i71, p2, p3, p4, None]
p74 = new_array(2, descr=<ArrayP 8>)
+818: setarrayitem_gc(p74, 0, ConstPtr(ptr76), descr=<ArrayP 8>)
+826: setarrayitem_gc(p74, 1, p50, descr=<ArrayP 8>)
+830: p81 = call(ConstClass(Add.apply_to), ConstPtr(ptr79), p74, 0, descr=<Callr 8 rri EF=4>)
+852: guard_no_exception(, descr=<Guard30>) [p5, p1, p81, p2, p3, p4]
+867: p83 = getarrayitem_gc(p2, 1, descr=<ArrayP 8>)
setfield_gc(ConstPtr(ptr84), p5, descr=<FieldP system.objspace.W_Trampoline.inst__func_w 32>)
p86 = new_array(2, descr=<ArrayP 8>)
+1000: setarrayitem_gc(p86, 0, p81, descr=<ArrayP 8>)
+1011: setarrayitem_gc(p86, 1, p83, descr=<ArrayP 8>)
setfield_gc(ConstPtr(ptr89), p86, descr=<FieldP system.objspace.W_Trampoline.inst__args_w 24>)
setfield_gc(p1, p2, descr=<FieldP system.objspace.FuncResolveFrame.inst__args_w 24>)
setfield_gc(p1, p3, descr=<FieldP system.objspace.FuncResolveFrame.inst__arg_names_w 16>)
setfield_gc(p1, p4, descr=<FieldP system.objspace.FuncResolveFrame.inst__self_name_w 32>)
setfield_gc(p1, p5, descr=<FieldP system.objspace.FuncResolveFrame.inst__self_w 40>)
+1161: finish(ConstPtr(ptr90), descr=<DoneWithThisFrameDescrRef object at 0x9614e0>)
+1203: --end of the loop--
[b98500cae10] jit-log-opt-loop}
